c:\users\administrator\desktop\fullproject\valorant_all_project\kernel_valorant_aimxpert\valodrv\x64\release\vc143.pdb
c:\users\administrator\desktop\fullproject\valorant_all_project\kernel_valorant_aimxpert\valodrv\x64\release\piddb.obj
c:\users\administrator\desktop\fullproject\valorant_all_project\kernel_valorant_aimxpert\valodrv\x64\release\mmu_mml.obj
c:\users\administrator\desktop\fullproject\valorant_all_project\kernel_valorant_aimxpert\valodrv\x64\release\kernel.obj
c:\users\administrator\desktop\fullproject\valorant_all_project\kernel_valorant_aimxpert\valodrv\x64\release\hash.obj
c:\users\administrator\desktop\fullproject\valorant_all_project\kernel_valorant_aimxpert\valodrv\x64\release\entry.obj
c:\users\administrator\desktop\fullproject\valorant_all_project\kernel_valorant_aimxpert\x64\release\valo_driver.sys
c:\users\administrator\desktop\fullproject\valorant_all_project\kernel_valorant_aimxpert\x64\release\valo_driver.pdb
c:\users\administrator\desktop\fullproject\valorant_all_project\kernel_valorant_aimxpert\valodrv\x64\release\valodrv.inf
c:\users\administrator\desktop\fullproject\valorant_all_project\kernel_valorant_aimxpert\valodrv\x64\release\kernel_a.a7131fb4.tlog\cl.command.1.tlog
c:\users\administrator\desktop\fullproject\valorant_all_project\kernel_valorant_aimxpert\valodrv\x64\release\kernel_a.a7131fb4.tlog\cl.items.tlog
c:\users\administrator\desktop\fullproject\valorant_all_project\kernel_valorant_aimxpert\valodrv\x64\release\kernel_a.a7131fb4.tlog\cl.read.1.tlog
c:\users\administrator\desktop\fullproject\valorant_all_project\kernel_valorant_aimxpert\valodrv\x64\release\kernel_a.a7131fb4.tlog\cl.write.1.tlog
c:\users\administrator\desktop\fullproject\valorant_all_project\kernel_valorant_aimxpert\valodrv\x64\release\kernel_a.a7131fb4.tlog\link.command.1.tlog
c:\users\administrator\desktop\fullproject\valorant_all_project\kernel_valorant_aimxpert\valodrv\x64\release\kernel_a.a7131fb4.tlog\link.read.1.tlog
c:\users\administrator\desktop\fullproject\valorant_all_project\kernel_valorant_aimxpert\valodrv\x64\release\kernel_a.a7131fb4.tlog\link.secondary.1.tlog
c:\users\administrator\desktop\fullproject\valorant_all_project\kernel_valorant_aimxpert\valodrv\x64\release\kernel_a.a7131fb4.tlog\link.write.1.tlog
c:\users\administrator\desktop\fullproject\valorant_all_project\kernel_valorant_aimxpert\valodrv\x64\release\kernel_a.a7131fb4.tlog\stampinf.command.1.tlog
c:\users\administrator\desktop\fullproject\valorant_all_project\kernel_valorant_aimxpert\valodrv\x64\release\kernel_a.a7131fb4.tlog\stampinf.read.1.tlog
c:\users\administrator\desktop\fullproject\valorant_all_project\kernel_valorant_aimxpert\valodrv\x64\release\kernel_a.a7131fb4.tlog\stampinf.write.1.tlog
