  Building 'kernel_aimx_valorantP2C' with toolset 'WindowsKernelModeDriver10.0' and the 'Universal' target platform.
  Stamping x64\Release\ValoDrv.inf
  Stamping [Version] section with DriverVer=12/15/2024,22.41.19.560
  Entry.cpp
C:\Program Files\Microsoft Visual Studio\2022\Community\VC\Tools\MSVC\14.38.33130\include\vcruntime.h(61,26): warning C4083: expected ')'; found identifier '_VCRUNTIME_DISABLED_WARNINGS'
  (compiling source file 'Entry.cpp')
  
C:\Program Files\Microsoft Visual Studio\2022\Community\VC\Tools\MSVC\14.38.33130\include\vcruntime.h(111,1): warning C4005: '_CRT_STRINGIZE': macro redefinition
  (compiling source file 'Entry.cpp')
      C:\Program Files (x86)\Windows Kits\10\Include\10.0.26100.0\km\crt\crtdefs.h(85,1):
      see previous definition of '_CRT_STRINGIZE'
  
C:\Program Files\Microsoft Visual Studio\2022\Community\VC\Tools\MSVC\14.38.33130\include\vcruntime.h(114,1): warning C4005: '_CRT_WIDE': macro redefinition
  (compiling source file 'Entry.cpp')
      C:\Program Files (x86)\Windows Kits\10\Include\10.0.26100.0\km\crt\crtdefs.h(88,1):
      see previous definition of '_CRT_WIDE'
  
C:\Program Files\Microsoft Visual Studio\2022\Community\VC\Tools\MSVC\14.38.33130\include\vcruntime.h(155,1): warning C4005: '__CRTDECL': macro redefinition
  (compiling source file 'Entry.cpp')
      C:\Program Files (x86)\Windows Kits\10\Include\10.0.26100.0\km\crt\crtdefs.h(640,1):
      see previous definition of '__CRTDECL'
  
C:\Program Files\Microsoft Visual Studio\2022\Community\VC\Tools\MSVC\14.38.33130\include\stdint.h(16,26): warning C4083: expected ')'; found identifier '_VCRUNTIME_DISABLED_WARNINGS'
  (compiling source file 'Entry.cpp')
  
C:\Users\Administrator\Desktop\FullProject\Valorant_all_project\Kernel_Valorant_Aimxpert\ValoDrv\Function.hpp(60,40): warning C4244: 'argument': conversion from 'SIZE_T' to 'UINT', possible loss of data
  (compiling source file 'Entry.cpp')
  
C:\Users\Administrator\Desktop\FullProject\Valorant_all_project\Kernel_Valorant_Aimxpert\ValoDrv\Function.hpp(231,23): warning C4996: 'ExAllocatePool': ExAllocatePool is deprecated, use ExAllocatePool2.
  (compiling source file 'Entry.cpp')
  
  hash.cpp
  kernel.cpp
C:\Users\Administrator\Desktop\FullProject\Valorant_all_project\Kernel_Valorant_Aimxpert\ValoDrv\Traces\kernel.cpp(287,67): warning C4996: 'ExAllocatePool': ExAllocatePool is deprecated, use ExAllocatePool2.
C:\Users\Administrator\Desktop\FullProject\Valorant_all_project\Kernel_Valorant_Aimxpert\ValoDrv\Traces\kernel.cpp(345,67): warning C4996: 'ExAllocatePool': ExAllocatePool is deprecated, use ExAllocatePool2.
  mmu_mml.cpp
C:\Users\Administrator\Desktop\FullProject\Valorant_all_project\Kernel_Valorant_Aimxpert\ValoDrv\Traces\MMU_MML\mmu_mml.cpp(309,17): warning C4242: 'initializing': conversion from 'BOOL' to 'BOOLEAN', possible loss of data
C:\Users\Administrator\Desktop\FullProject\Valorant_all_project\Kernel_Valorant_Aimxpert\ValoDrv\Traces\MMU_MML\mmu_mml.cpp(316,8): warning C4189: 'empty': local variable is initialized but not referenced
  piddb.cpp
C:\Users\Administrator\Desktop\FullProject\Valorant_all_project\Kernel_Valorant_Aimxpert\ValoDrv\Traces\PiDDB\piddb.cpp(323,32): warning C4996: 'ExAllocatePoolWithTag': ExAllocatePoolWithTag is deprecated, use ExAllocatePool2.
  Generating Code...
C:\Users\Administrator\Desktop\FullProject\Valorant_all_project\Kernel_Valorant_Aimxpert\ValoDrv\Traces\MMU_MML\mmu_mml.cpp(363): warning C4702: unreachable code
C:\Users\Administrator\Desktop\FullProject\Valorant_all_project\Kernel_Valorant_Aimxpert\ValoDrv\Traces\HashBucket\hash.cpp(289): warning C4702: unreachable code
  ValoDrv.vcxproj -> C:\Users\Administrator\Desktop\FullProject\Valorant_all_project\Kernel_Valorant_Aimxpert\x64\Release\valo_driver.sys
  Driver is 'Universal'.
